SQL> INSERT INTO TEAM (ID,TEAM_API_ID,TEAM_FIFA_API_ID,TEAM_LONG_NAME,TEAM_SHORT_NAME)VALUES (1001,2000,NULL,'INVALID TEAM 1','INV1');
INSERT INTO TEAM (ID,TEAM_API_ID,TEAM_FIFA_API_ID,TEAM_LONG_NAME,TEAM_SHORT_NAME)VALUES (1001,2000,NULL,'INVALID TEAM 1','INV1')
                                                                                                   *
ERROR at line 1:
ORA-01400: cannot insert NULL into ("SXP7656"."TEAM"."TEAM_FIFA_API_ID") 

Explanation:
A NOT NULL constraint prevents NULL values from being entered in the TEAM_FIFA_API_ID field.


SQL> INSERT INTO TEAM(ID,TEAM_API_ID,TEAM_FIFA_API_ID,TEAM_LONG_NAME,TEAM_SHORT_NAME)VALUES (1002,9987,673,'DUPLICATE TEAM','DUP');
INSERT INTO TEAM(ID,TEAM_API_ID,TEAM_FIFA_API_ID,TEAM_LONG_NAME,TEAM_SHORT_NAME)VALUES (1002,9987,673,'DUPLICATE TEAM','DUP')
*
ERROR at line 1:
ORA-00001: unique constraint (SXP7656.SYS_C00857969) violated 

Explanation:
In the Team table, both the TEAM_API_ID and the TEAM_FIFA_API_ID need to be unique


SQL> INSERT INTO MATCH(ID,COUNTRY_ID,LEAGUE_ID,SEASON,STAGE,MATCH_DATE,MATCH_API_ID,HOME_TEAM_API_ID,AWAY_TEAM_API_ID)VALUES(1003,1,1,'2024',1,TO_DATE('2024-09-29','YYYY-MM-DD'),5001,99999,99999);
INSERT INTO MATCH(ID,COUNTRY_ID,LEAGUE_ID,SEASON,STAGE,MATCH_DATE,MATCH_API_ID,HOME_TEAM_API_ID,AWAY_TEAM_API_ID)VALUES(1003,1,1,'2024',1,TO_DATE('2024-09-29','YYYY-MM-DD'),5001,99999,99999)
*
ERROR at line 1:
ORA-02291: integrity constraint (SXP7656.SYS_C00857985) violated - parent key 
not found 

Explanation:
The TEAM_API_ID in the Team table is referenced by the foreign keys HOME_TEAM_API_ID and AWAY_TEAM_API_ID.


SQL> SPOOL OFF;
